#
# There is insufficient memory for the Java Runtime Environment to continue.
# Native memory allocation (malloc) failed to allocate 1048576 bytes for AllocateHeap
# Possible reasons:
#   The system is out of physical RAM or swap space
#   In 32 bit mode, the process size limit was hit
# Possible solutions:
#   Reduce memory load on the system
#   Increase physical memory or swap space
#   Check if swap backing store is full
#   Use 64 bit Java on a 64 bit OS
#   Decrease Java heap size (-Xmx/-Xms)
#   Decrease number of Java threads
#   Decrease Java thread stack sizes (-Xss)
#   Set larger code cache with -XX:ReservedCodeCacheSize=
# This output file may be truncated or incomplete.
#
#  Out of Memory Error (memory/allocation.inline.hpp:61), pid=7920, tid=0x0000000000001ee8
#
# JRE version:  (8.0_112-b06) (build )
# Java VM: OpenJDK 64-Bit Server VM (25.112-b06 mixed mode windows-amd64 compressed oops)
# Failed to write core dump. Minidumps are not enabled by default on client versions of Windows
#

---------------  T H R E A D  ---------------

Current thread (0x0000000002af1000):  JavaThread "Unknown thread" [_thread_in_vm, id=7912, stack(0x0000000002910000,0x0000000002a10000)]

Stack: [0x0000000002910000,0x0000000002a10000]
[error occurred during error reporting (printing stack bounds), id 0xc0000005]

Native frames: (J=compiled Java code, j=interpreted, Vv=VM code, C=native code)


---------------  P R O C E S S  ---------------

Java Threads: ( => current thread )

Other Threads:

=>0x0000000002af1000 (exited) JavaThread "Unknown thread" [_thread_in_vm, id=7912, stack(0x0000000002910000,0x0000000002a10000)]

VM state:not at safepoint (normal execution)

VM Mutex/Monitor currently owned by a thread: None

Heap:
 PSYoungGen      total 38400K, used 665K [0x00000000eab00000, 0x00000000ed580000, 0x0000000100000000)
  eden space 33280K, 2% used [0x00000000eab00000,0x00000000eaba6670,0x00000000ecb80000)
  from space 5120K, 0% used [0x00000000ed080000,0x00000000ed080000,0x00000000ed580000)
  to   space 5120K, 0% used [0x00000000ecb80000,0x00000000ecb80000,0x00000000ed080000)
 ParOldGen       total 87552K, used 0K [0x00000000c0000000, 0x00000000c5580000, 0x00000000eab00000)
  object space 87552K, 0% used [0x00000000c0000000,0x00000000c0000000,0x00000000c5580000)
 Metaspace       used 772K, capacity 4480K, committed 4480K, reserved 1056768K
  class space    used 73K, capacity 384K, committed 384K, reserved 1048576K

Card table byte_map: [0x0000000011fb0000,0x00000000121c0000] byte_map_base: 0x00000000119b0000

Marking Bits: (ParMarkBitMap*) 0x00000000725818f0
 Begin Bits: [0x0000000012720000, 0x0000000013720000)
 End Bits:   [0x0000000013720000, 0x0000000014720000)

Polling page: 0x00000000028d0000

CodeCache: size=245760Kb used=328Kb max_used=328Kb free=245431Kb
 bounds [0x0000000002bf0000, 0x0000000002e60000, 0x0000000011bf0000]
 total_blobs=57 nmethods=0 adapters=38
 compilation: enabled

Compilation events (0 events):
No events

GC Heap History (0 events):
No events

Deoptimization events (0 events):
No events

Internal exceptions (0 events):
No events

Events (10 events):
Event: 0.033 loading class java/lang/Short
Event: 0.033 loading class java/lang/Short done
Event: 0.033 loading class java/lang/Integer
Event: 0.033 loading class java/lang/Integer done
Event: 0.033 loading class java/lang/Long
Event: 0.033 loading class java/lang/Long done
Event: 0.034 loading class java/lang/NullPointerException
Event: 0.034 loading class java/lang/NullPointerException done
Event: 0.034 loading class java/lang/ArithmeticException
Event: 0.034 loading class java/lang/ArithmeticException done


Dynamic libraries:
0x00007ff78c120000 - 0x00007ff78c151000 	C:\Program Files\Android\Android Studio\jre\bin\java.exe
0x00007ff9609f0000 - 0x00007ff960bc1000 	C:\WINDOWS\SYSTEM32\ntdll.dll
0x00007ff95e1f0000 - 0x00007ff95e29b000 	C:\WINDOWS\System32\KERNEL32.DLL
0x00007ff95d630000 - 0x00007ff95d84d000 	C:\WINDOWS\System32\KERNELBASE.dll
0x00007ff95faa0000 - 0x00007ff95fb42000 	C:\WINDOWS\System32\ADVAPI32.dll
0x00007ff95f9c0000 - 0x00007ff95fa5e000 	C:\WINDOWS\System32\msvcrt.dll
0x00007ff960140000 - 0x00007ff960199000 	C:\WINDOWS\System32\sechost.dll
0x00007ff960240000 - 0x00007ff960361000 	C:\WINDOWS\System32\RPCRT4.dll
0x00007ff960880000 - 0x00007ff9609e5000 	C:\WINDOWS\System32\USER32.dll
0x00007ff95d1e0000 - 0x00007ff95d1fe000 	C:\WINDOWS\System32\win32u.dll
0x00007ff95fa60000 - 0x00007ff95fa94000 	C:\WINDOWS\System32\GDI32.dll
0x00007ff95cf50000 - 0x00007ff95d0d2000 	C:\WINDOWS\System32\gdi32full.dll
0x00007ff94edd0000 - 0x00007ff94f04a000 	C:\WINDOWS\WinSxS\amd64_microsoft.windows.common-controls_6595b64144ccf1df_6.0.14393.953_none_42151e83c686086b\COMCTL32.dll
0x00007ff95fe70000 - 0x00007ff960138000 	C:\WINDOWS\System32\combase.dll
0x00007ff95d530000 - 0x00007ff95d625000 	C:\WINDOWS\System32\ucrtbase.dll
0x00007ff95cee0000 - 0x00007ff95cf4a000 	C:\WINDOWS\System32\bcryptPrimitives.dll
0x00007ff9601a0000 - 0x00007ff9601ce000 	C:\WINDOWS\System32\IMM32.DLL
0x0000000071c00000 - 0x0000000071cd2000 	C:\Program Files\Android\Android Studio\jre\jre\bin\msvcr100.dll
0x0000000071dc0000 - 0x00000000725fc000 	C:\Program Files\Android\Android Studio\jre\jre\bin\server\jvm.dll
0x00007ff95df80000 - 0x00007ff95df88000 	C:\WINDOWS\System32\PSAPI.DLL
0x00007ff959920000 - 0x00007ff959929000 	C:\WINDOWS\SYSTEM32\WSOCK32.dll
0x00007ff95fe00000 - 0x00007ff95fe6a000 	C:\WINDOWS\System32\WS2_32.dll
0x00007ff95b230000 - 0x00007ff95b253000 	C:\WINDOWS\SYSTEM32\WINMM.dll
0x00007ff952d80000 - 0x00007ff952d8a000 	C:\WINDOWS\SYSTEM32\VERSION.dll
0x00007ff95b1d0000 - 0x00007ff95b1fb000 	C:\WINDOWS\SYSTEM32\WINMMBASE.dll
0x00007ff95d850000 - 0x00007ff95d892000 	C:\WINDOWS\System32\cfgmgr32.dll
0x00007ff958e80000 - 0x00007ff958e8f000 	C:\Program Files\Android\Android Studio\jre\jre\bin\verify.dll
0x00007ff958e50000 - 0x00007ff958e79000 	C:\Program Files\Android\Android Studio\jre\jre\bin\java.dll
0x00007ff958e30000 - 0x00007ff958e46000 	C:\Program Files\Android\Android Studio\jre\jre\bin\zip.dll

VM Arguments:
jvm_args: -Djava.awt.headless=true -Xmx1024M -Dfile.encoding=windows-1252 -Duser.country=US -Duser.language=en -Duser.variant 
java_command: com.android.dx.command.Main --dex --force-jumbo --num-threads=4 --multi-dex --output C:\AgileS4\Mapsv3\app\build\intermediates\transforms\dex\debug\folders\1000\5\slice_9 C:\AgileS4\Mapsv3\app\build\intermediates\transforms\instantRunSlicer\debug\folders\1\5\slice_9
java_class_path (initial): C:\Users\Chris\AppData\Local\Android\sdk\build-tools\25.0.2\lib\dx.jar
Launcher Type: SUN_STANDARD

Environment Variables:
JAVA_HOME=C:\Program Files\Java\jdk1.8.0_101
JRE_HOME=C:\Program Files (x86)\Java\jre1.8.0_101
PATH=C:\ProgramData\Oracle\Java\javapath;C:\WINDOWS\system32;C:\WINDOWS;C:\WINDOWS\System32\Wbem;C:\WINDOWS\System32\WindowsPowerShell\v1.0\;C:\Program Files (x86)\Common Files\lenovo\easyplussdk\bin;C:\Program Files\Intel\WiFi\bin\;C:\Program Files\Common Files\Intel\WirelessCommon\;C:\Program Files (x86)\Skype\Phone\;C:\Program Files\Intel\WiFi\bin\;C:\Program Files\Common Files\Intel\WirelessCommon\;C:\Users\Chris\AppData\Local\Microsoft\WindowsApps;C:\Program Files\Apache\maven\bin
USERNAME=Chris
OS=Windows_NT
PROCESSOR_IDENTIFIER=Intel64 Family 6 Model 78 Stepping 3, GenuineIntel



---------------  S Y S T E M  ---------------

OS: Windows 10.0 , 64 bit Build 14393 (10.0.14393.0)

CPU:total 4 (2 cores per cpu, 2 threads per core) family 6 model 78 stepping 3, cmov, cx8, fxsr, mmx, sse, sse2, sse3, ssse3, sse4.1, sse4.2, popcnt, avx, avx2, aes, clmul, erms, 3dnowpref, lzcnt, ht, tsc, tscinvbit, bmi1, bmi2, adx

Memory: 4k page, physical 8292256k(1243496k free), swap 8292256k(5788k free)

vm_info: OpenJDK 64-Bit Server VM (25.112-b06) for windows-amd64 JRE (1.8.0_112-release-b06), built on Dec  8 2016 00:54:26 by "builder" with MS VC++ 10.0 (VS2010)

time: Mon Mar 27 15:30:26 2017
elapsed time: 0 seconds (0d 0h 0m 0s)

