#
# There is insufficient memory for the Java Runtime Environment to continue.
# Native memory allocation (malloc) failed to allocate 595856 bytes for Chunk::new
# Possible reasons:
#   The system is out of physical RAM or swap space
#   In 32 bit mode, the process size limit was hit
# Possible solutions:
#   Reduce memory load on the system
#   Increase physical memory or swap space
#   Check if swap backing store is full
#   Use 64 bit Java on a 64 bit OS
#   Decrease Java heap size (-Xmx/-Xms)
#   Decrease number of Java threads
#   Decrease Java thread stack sizes (-Xss)
#   Set larger code cache with -XX:ReservedCodeCacheSize=
# This output file may be truncated or incomplete.
#
#  Out of Memory Error (allocation.cpp:390), pid=8564, tid=0x0000000000000cc8
#
# JRE version: OpenJDK Runtime Environment (8.0_112-b06) (build 1.8.0_112-release-b06)
# Java VM: OpenJDK 64-Bit Server VM (25.112-b06 mixed mode windows-amd64 compressed oops)
# Failed to write core dump. Minidumps are not enabled by default on client versions of Windows
#

---------------  T H R E A D  ---------------

Current thread (0x00000000166d9800):  JavaThread "C2 CompilerThread1" daemon [_thread_in_native, id=3272, stack(0x0000000017d20000,0x0000000017e20000)]

Stack: [0x0000000017d20000,0x0000000017e20000]
[error occurred during error reporting (printing stack bounds), id 0xc0000005]

Native frames: (J=compiled Java code, j=interpreted, Vv=VM code, C=native code)


Current CompileTask:
C2: 115038 15156       4       org.objectweb.asm.tree.ClassNode::accept (568 bytes)


---------------  P R O C E S S  ---------------

Java Threads: ( => current thread )
  0x000000001927d800 JavaThread "Cache update executor" [_thread_blocked, id=4072, stack(0x00000000267f0000,0x00000000268f0000)]
  0x0000000019282000 JavaThread "Stdin handler" [_thread_blocked, id=7340, stack(0x00000000266f0000,0x00000000267f0000)]
  0x0000000019283800 JavaThread "Asynchronous log dispatcher for DefaultDaemonConnection: socket connection from /127.0.0.1:58650 to /127.0.0.1:58681" [_thread_blocked, id=7184, stack(0x00000000265f0000,0x00000000266f0000)]
  0x000000001927e800 JavaThread "Cancel handler" [_thread_blocked, id=7328, stack(0x00000000264f0000,0x00000000265f0000)]
  0x0000000019281800 JavaThread "Handler for socket connection from /127.0.0.1:58650 to /127.0.0.1:58681" [_thread_in_native, id=8760, stack(0x00000000263f0000,0x00000000264f0000)]
  0x0000000019280800 JavaThread "Java2D Disposer" daemon [_thread_blocked, id=10020, stack(0x0000000023fa0000,0x00000000240a0000)]
  0x0000000019ce9000 JavaThread "File lock request listener" [_thread_in_native, id=3588, stack(0x000000001bf60000,0x000000001c060000)]
  0x0000000019843000 JavaThread "Daemon worker" [_thread_in_native, id=6348, stack(0x000000001aa90000,0x000000001ab90000)]
  0x0000000019439000 JavaThread "pool-1-thread-1" [_thread_blocked, id=464, stack(0x000000001a890000,0x000000001a990000)]
  0x000000001942c800 JavaThread "Daemon" [_thread_blocked, id=7300, stack(0x000000001a690000,0x000000001a790000)]
  0x0000000019602800 JavaThread "Incoming local TCP Connector on port 58650" [_thread_in_native, id=10080, stack(0x0000000019cf0000,0x0000000019df0000)]
  0x00000000166d1800 JavaThread "Service Thread" daemon [_thread_blocked, id=5768, stack(0x0000000018320000,0x0000000018420000)]
  0x00000000166cf800 JavaThread "C1 CompilerThread2" daemon [_thread_blocked, id=5340, stack(0x0000000017e20000,0x0000000017f20000)]
=>0x00000000166d9800 JavaThread "C2 CompilerThread1" daemon [_thread_in_native, id=3272, stack(0x0000000017d20000,0x0000000017e20000)]
  0x00000000166d6800 JavaThread "C2 CompilerThread0" daemon [_thread_blocked, id=9612, stack(0x0000000017c20000,0x0000000017d20000)]
  0x00000000166d4800 JavaThread "Attach Listener" daemon [_thread_blocked, id=2524, stack(0x0000000017b20000,0x0000000017c20000)]
  0x00000000166d3800 JavaThread "Signal Dispatcher" daemon [_thread_blocked, id=1220, stack(0x0000000017a20000,0x0000000017b20000)]
  0x00000000166b8800 JavaThread "Finalizer" daemon [_thread_blocked, id=9388, stack(0x0000000017920000,0x0000000017a20000)]
  0x0000000002c50000 JavaThread "Reference Handler" daemon [_thread_blocked, id=8208, stack(0x0000000017820000,0x0000000017920000)]
  0x0000000002b60800 JavaThread "main" [_thread_blocked, id=5112, stack(0x00000000012c0000,0x00000000013c0000)]

Other Threads:
  0x0000000016695800 VMThread [stack: 0x0000000017720000,0x0000000017820000] [id=5924]
  0x0000000017f48800 WatcherThread [stack: 0x0000000018420000,0x0000000018520000] [id=10128]

VM state:not at safepoint (normal execution)

VM Mutex/Monitor currently owned by a thread: None

Heap:
 PSYoungGen      total 290816K, used 111397K [0x00000000e0000000, 0x00000000fc380000, 0x0000000100000000)
  eden space 250368K, 35% used [0x00000000e0000000,0x00000000e5599b50,0x00000000ef480000)
  from space 40448K, 58% used [0x00000000ef480000,0x00000000f0baf8d0,0x00000000f1c00000)
  to   space 39936K, 0% used [0x00000000f9c80000,0x00000000f9c80000,0x00000000fc380000)
 ParOldGen       total 184320K, used 49955K [0x00000000a0000000, 0x00000000ab400000, 0x00000000e0000000)
  object space 184320K, 27% used [0x00000000a0000000,0x00000000a30c8de8,0x00000000ab400000)
 Metaspace       used 85684K, capacity 89630K, committed 89856K, reserved 1126400K
  class space    used 11085K, capacity 11945K, committed 12032K, reserved 1048576K

Card table byte_map: [0x0000000012120000,0x0000000012430000] byte_map_base: 0x0000000011c20000

Marking Bits: (ParMarkBitMap*) 0x000000006ce218f0
 Begin Bits: [0x0000000012a30000, 0x0000000014230000)
 End Bits:   [0x0000000014230000, 0x0000000015a30000)

Polling page: 0x0000000000e10000

CodeCache: size=245760Kb used=45327Kb max_used=45338Kb free=200433Kb
 bounds [0x0000000002d60000, 0x00000000059e0000, 0x0000000011d60000]
 total_blobs=13692 nmethods=12759 adapters=844
 compilation: enabled

Compilation events (10 events):
Event: 114.944 Thread 0x00000000166cf800 nmethod 15169 0x00000000059d5790 code [0x00000000059d5900, 0x00000000059d5b28]
Event: 114.945 Thread 0x00000000166cf800 15170       3       org.objectweb.asm.MethodVisitor::visitMethodInsn (68 bytes)
Event: 114.945 Thread 0x00000000166cf800 nmethod 15170 0x00000000059d4fd0 code [0x00000000059d5160, 0x00000000059d5608]
Event: 114.972 Thread 0x00000000166d6800 nmethod 15161 0x00000000059d5bd0 code [0x00000000059d5e80, 0x00000000059d7240]
Event: 114.972 Thread 0x00000000166d6800 15166       4       com.google.common.collect.ImmutableEntry::<init> (15 bytes)
Event: 114.973 Thread 0x00000000166d6800 nmethod 15166 0x00000000035c3990 code [0x00000000035c3ac0, 0x00000000035c3b38]
Event: 114.973 Thread 0x00000000166d6800 15168       4       org.objectweb.asm.tree.TypeInsnNode::accept (18 bytes)
Event: 114.983 Thread 0x00000000166d6800 nmethod 15168 0x00000000059da110 code [0x00000000059da280, 0x00000000059da818]
Event: 114.983 Thread 0x00000000166d6800 15160       4       org.objectweb.asm.tree.MethodNode::visitLdcInsn (16 bytes)
Event: 114.985 Thread 0x00000000166d6800 nmethod 15160 0x00000000059ac610 code [0x00000000059ac760, 0x00000000059ac8b8]

GC Heap History (10 events):
Event: 49.600 GC heap before
{Heap before GC invocations=14 (full 3):
 PSYoungGen      total 211456K, used 211250K [0x00000000e0000000, 0x00000000ef700000, 0x0000000100000000)
  eden space 196096K, 100% used [0x00000000e0000000,0x00000000ebf80000,0x00000000ebf80000)
  from space 15360K, 98% used [0x00000000ee800000,0x00000000ef6cc848,0x00000000ef700000)
  to   space 27136K, 0% used [0x00000000ec200000,0x00000000ec200000,0x00000000edc80000)
 ParOldGen       total 184320K, used 46620K [0x00000000a0000000, 0x00000000ab400000, 0x00000000e0000000)
  object space 184320K, 25% used [0x00000000a0000000,0x00000000a2d87200,0x00000000ab400000)
 Metaspace       used 73318K, capacity 76662K, committed 76928K, reserved 1116160K
  class space    used 9728K, capacity 10507K, committed 10624K, reserved 1048576K
Event: 49.629 GC heap after
Heap after GC invocations=14 (full 3):
 PSYoungGen      total 225792K, used 24923K [0x00000000e0000000, 0x00000000f1900000, 0x0000000100000000)
  eden space 198656K, 0% used [0x00000000e0000000,0x00000000e0000000,0x00000000ec200000)
  from space 27136K, 91% used [0x00000000ec200000,0x00000000eda56dc0,0x00000000edc80000)
  to   space 30208K, 0% used [0x00000000efb80000,0x00000000efb80000,0x00000000f1900000)
 ParOldGen       total 184320K, used 46628K [0x00000000a0000000, 0x00000000ab400000, 0x00000000e0000000)
  object space 184320K, 25% used [0x00000000a0000000,0x00000000a2d89200,0x00000000ab400000)
 Metaspace       used 73318K, capacity 76662K, committed 76928K, reserved 1116160K
  class space    used 9728K, capacity 10507K, committed 10624K, reserved 1048576K
}
Event: 63.571 GC heap before
{Heap before GC invocations=15 (full 3):
 PSYoungGen      total 225792K, used 223579K [0x00000000e0000000, 0x00000000f1900000, 0x0000000100000000)
  eden space 198656K, 100% used [0x00000000e0000000,0x00000000ec200000,0x00000000ec200000)
  from space 27136K, 91% used [0x00000000ec200000,0x00000000eda56dc0,0x00000000edc80000)
  to   space 30208K, 0% used [0x00000000efb80000,0x00000000efb80000,0x00000000f1900000)
 ParOldGen       total 184320K, used 46628K [0x00000000a0000000, 0x00000000ab400000, 0x00000000e0000000)
  object space 184320K, 25% used [0x00000000a0000000,0x00000000a2d89200,0x00000000ab400000)
 Metaspace       used 77470K, capacity 80846K, committed 81152K, reserved 1120256K
  class space    used 10147K, capacity 10885K, committed 11008K, reserved 1048576K
Event: 63.610 GC heap after
Heap after GC invocations=15 (full 3):
 PSYoungGen      total 254464K, used 27057K [0x00000000e0000000, 0x00000000f1e80000, 0x0000000100000000)
  eden space 224256K, 0% used [0x00000000e0000000,0x00000000e0000000,0x00000000edb00000)
  from space 30208K, 89% used [0x00000000efb80000,0x00000000f15ec468,0x00000000f1900000)
  to   space 33280K, 0% used [0x00000000edb00000,0x00000000edb00000,0x00000000efb80000)
 ParOldGen       total 184320K, used 46628K [0x00000000a0000000, 0x00000000ab400000, 0x00000000e0000000)
  object space 184320K, 25% used [0x00000000a0000000,0x00000000a2d89200,0x00000000ab400000)
 Metaspace       used 77470K, capacity 80846K, committed 81152K, reserved 1120256K
  class space    used 10147K, capacity 10885K, committed 11008K, reserved 1048576K
}
Event: 97.878 GC heap before
{Heap before GC invocations=16 (full 3):
 PSYoungGen      total 254464K, used 251313K [0x00000000e0000000, 0x00000000f1e80000, 0x0000000100000000)
  eden space 224256K, 100% used [0x00000000e0000000,0x00000000edb00000,0x00000000edb00000)
  from space 30208K, 89% used [0x00000000efb80000,0x00000000f15ec468,0x00000000f1900000)
  to   space 33280K, 0% used [0x00000000edb00000,0x00000000edb00000,0x00000000efb80000)
 ParOldGen       total 184320K, used 46628K [0x00000000a0000000, 0x00000000ab400000, 0x00000000e0000000)
  object space 184320K, 25% used [0x00000000a0000000,0x00000000a2d89200,0x00000000ab400000)
 Metaspace       used 77756K, capacity 81234K, committed 81408K, reserved 1120256K
  class space    used 10166K, capacity 10911K, committed 11008K, reserved 1048576K
Event: 97.931 GC heap after
Heap after GC invocations=16 (full 3):
 PSYoungGen      total 257536K, used 33264K [0x00000000e0000000, 0x00000000f4280000, 0x0000000100000000)
  eden space 224256K, 0% used [0x00000000e0000000,0x00000000e0000000,0x00000000edb00000)
  from space 33280K, 99% used [0x00000000edb00000,0x00000000efb7c2b0,0x00000000efb80000)
  to   space 39424K, 0% used [0x00000000f1c00000,0x00000000f1c00000,0x00000000f4280000)
 ParOldGen       total 184320K, used 49939K [0x00000000a0000000, 0x00000000ab400000, 0x00000000e0000000)
  object space 184320K, 27% used [0x00000000a0000000,0x00000000a30c4de8,0x00000000ab400000)
 Metaspace       used 77756K, capacity 81234K, committed 81408K, reserved 1120256K
  class space    used 10166K, capacity 10911K, committed 11008K, reserved 1048576K
}
Event: 108.223 GC heap before
{Heap before GC invocations=17 (full 3):
 PSYoungGen      total 257536K, used 257246K [0x00000000e0000000, 0x00000000f4280000, 0x0000000100000000)
  eden space 224256K, 99% used [0x00000000e0000000,0x00000000edabb920,0x00000000edb00000)
  from space 33280K, 99% used [0x00000000edb00000,0x00000000efb7c2b0,0x00000000efb80000)
  to   space 39424K, 0% used [0x00000000f1c00000,0x00000000f1c00000,0x00000000f4280000)
 ParOldGen       total 184320K, used 49939K [0x00000000a0000000, 0x00000000ab400000, 0x00000000e0000000)
  object space 184320K, 27% used [0x00000000a0000000,0x00000000a30c4de8,0x00000000ab400000)
 Metaspace       used 85068K, capacity 88940K, committed 89216K, reserved 1126400K
  class space    used 11019K, capacity 11858K, committed 11904K, reserved 1048576K
Event: 108.281 GC heap after
Heap after GC invocations=17 (full 3):
 PSYoungGen      total 289792K, used 25606K [0x00000000e0000000, 0x00000000f4500000, 0x0000000100000000)
  eden space 250368K, 0% used [0x00000000e0000000,0x00000000e0000000,0x00000000ef480000)
  from space 39424K, 64% used [0x00000000f1c00000,0x00000000f3501840,0x00000000f4280000)
  to   space 40448K, 0% used [0x00000000ef480000,0x00000000ef480000,0x00000000f1c00000)
 ParOldGen       total 184320K, used 49947K [0x00000000a0000000, 0x00000000ab400000, 0x00000000e0000000)
  object space 184320K, 27% used [0x00000000a0000000,0x00000000a30c6de8,0x00000000ab400000)
 Metaspace       used 85068K, capacity 88940K, committed 89216K, reserved 1126400K
  class space    used 11019K, capacity 11858K, committed 11904K, reserved 1048576K
}
Event: 108.334 GC heap before
{Heap before GC invocations=18 (full 3):
 PSYoungGen      total 289792K, used 275910K [0x00000000e0000000, 0x00000000f4500000, 0x0000000100000000)
  eden space 250368K, 99% used [0x00000000e0000000,0x00000000ef470240,0x00000000ef480000)
  from space 39424K, 64% used [0x00000000f1c00000,0x00000000f3501840,0x00000000f4280000)
  to   space 40448K, 0% used [0x00000000ef480000,0x00000000ef480000,0x00000000f1c00000)
 ParOldGen       total 184320K, used 49947K [0x00000000a0000000, 0x00000000ab400000, 0x00000000e0000000)
  object space 184320K, 27% used [0x00000000a0000000,0x00000000a30c6de8,0x00000000ab400000)
 Metaspace       used 85074K, capacity 89004K, committed 89216K, reserved 1126400K
  class space    used 11019K, capacity 11858K, committed 11904K, reserved 1048576K
Event: 108.398 GC heap after
Heap after GC invocations=18 (full 3):
 PSYoungGen      total 290816K, used 23742K [0x00000000e0000000, 0x00000000fc380000, 0x0000000100000000)
  eden space 250368K, 0% used [0x00000000e0000000,0x00000000e0000000,0x00000000ef480000)
  from space 40448K, 58% used [0x00000000ef480000,0x00000000f0baf8d0,0x00000000f1c00000)
  to   space 39936K, 0% used [0x00000000f9c80000,0x00000000f9c80000,0x00000000fc380000)
 ParOldGen       total 184320K, used 49955K [0x00000000a0000000, 0x00000000ab400000, 0x00000000e0000000)
  object space 184320K, 27% used [0x00000000a0000000,0x00000000a30c8de8,0x00000000ab400000)
 Metaspace       used 85074K, capacity 89004K, committed 89216K, reserved 1126400K
  class space    used 11019K, capacity 11858K, committed 11904K, reserved 1048576K
}

Deoptimization events (10 events):
Event: 114.175 Thread 0x0000000019843000 Uncommon trap: reason=unstable_if action=reinterpret pc=0x0000000004ff4458 method=org.objectweb.asm.MethodWriter.a()I @ 179
Event: 114.176 Thread 0x0000000019843000 Uncommon trap: reason=unstable_if action=reinterpret pc=0x0000000004faf398 method=org.objectweb.asm.MethodWriter.a(Lorg/objectweb/asm/ByteVector;)V @ 369
Event: 114.188 Thread 0x0000000019843000 Uncommon trap: reason=class_check action=maybe_recompile pc=0x000000000398f290 method=org.objectweb.asm.tree.MethodNode.accept(Lorg/objectweb/asm/ClassVisitor;)V @ 42
Event: 114.188 Thread 0x0000000019843000 Uncommon trap: reason=class_check action=maybe_recompile pc=0x0000000002fd5da0 method=org.objectweb.asm.tree.InsnNode.accept(Lorg/objectweb/asm/MethodVisitor;)V @ 5
Event: 114.251 Thread 0x0000000019843000 Uncommon trap: reason=class_check action=maybe_recompile pc=0x000000000398f290 method=org.objectweb.asm.tree.MethodNode.accept(Lorg/objectweb/asm/ClassVisitor;)V @ 42
Event: 114.288 Thread 0x0000000019843000 Uncommon trap: reason=class_check action=maybe_recompile pc=0x0000000003f91c24 method=org.objectweb.asm.tree.FieldNode.accept(Lorg/objectweb/asm/ClassVisitor;)V @ 21
Event: 114.288 Thread 0x0000000019843000 Uncommon trap: reason=class_check action=maybe_recompile pc=0x0000000003f91c24 method=org.objectweb.asm.tree.FieldNode.accept(Lorg/objectweb/asm/ClassVisitor;)V @ 21
Event: 114.288 Thread 0x0000000019843000 Uncommon trap: reason=class_check action=maybe_recompile pc=0x0000000003f91c24 method=org.objectweb.asm.tree.FieldNode.accept(Lorg/objectweb/asm/ClassVisitor;)V @ 21
Event: 114.288 Thread 0x0000000019843000 Uncommon trap: reason=class_check action=maybe_recompile pc=0x0000000003f91c24 method=org.objectweb.asm.tree.FieldNode.accept(Lorg/objectweb/asm/ClassVisitor;)V @ 21
Event: 114.299 Thread 0x0000000019843000 Uncommon trap: reason=class_check action=maybe_recompile pc=0x000000000398f290 method=org.objectweb.asm.tree.MethodNode.accept(Lorg/objectweb/asm/ClassVisitor;)V @ 42

Internal exceptions (10 events):
Event: 98.307 Thread 0x0000000019843000 Exception <a 'java/lang/ClassNotFoundException': com/android/build/gradle/tasks/CheckManifestInInstantRunMode_DecoratedCustomizer> (0x00000000e20965b8) thrown at [C:\src\android\AOSP-openjdk\external\jetbrains\jdk\hotspot\src\share\vm\classfile\systemDicti([û0ÅîX@
Event: 98.320 Thread 0x0000000019843000 Exception <a 'java/lang/ClassNotFoundException': com/android/build/gradle/tasks/fd/GenerateInstantRunAppInfoTask_DecoratedBeanInfo> (0x00000000e21c4670) thrown at [C:\src\android\AOSP-openjdk\external\jetbrains\jdk\hotspot\src\share\vm\classfile\systemDict
Event: 98.321 Thread 0x0000000019843000 Exception <a 'java/lang/ClassNotFoundException': com/android/build/gradle/tasks/fd/GenerateInstantRunAppInfoTaskBeanInfo> (0x00000000e21da208) thrown at [C:\src\android\AOSP-openjdk\external\jetbrains\jdk\hotspot\src\share\vm\classfile\systemDictionary.cppúô—àèîX@
Event: 98.321 Thread 0x0000000019843000 Exception <a 'java/lang/ClassNotFoundException': com/android/build/gradle/tasks/fd/GenerateInstantRunAppInfoTaskCustomizer> (0x00000000e21f01c8) thrown at [C:\src\android\AOSP-openjdk\external\jetbrains\jdk\hotspot\src\share\vm\classfile\systemDictionary.cÿ«¢°îX@
Event: 98.322 Thread 0x0000000019843000 Exception <a 'java/lang/ClassNotFoundException': com/android/build/gradle/tasks/fd/GenerateInstantRunAppInfoTask_DecoratedCustomizer> (0x00000000e221c208) thrown at [C:\src\android\AOSP-openjdk\external\jetbrains\jdk\hotspot\src\share\vm\classfile\systemDi[e–?⁄Z@
Event: 107.410 Thread 0x000000001927d800 Exception <a 'java/lang/NoSuchMethodError': <clinit>> (0x00000000eb5571d0) thrown at [C:\src\android\AOSP-openjdk\external\jetbrains\jdk\hotspot\src\share\vm\prims\jni.cpp, line 1613]
Event: 108.843 Thread 0x0000000019843000 Exception <a 'java/io/FileNotFoundException'> (0x00000000e44bcd58) thrown at [C:\src\android\AOSP-openjdk\external\jetbrains\jdk\hotspot\src\share\vm\prims\jni.cpp, line 709]
Event: 109.683 Thread 0x0000000019843000 Implicit null exception at 0x0000000004fc5932 to 0x0000000004fc8ebd
Event: 109.683 Thread 0x0000000019843000 Implicit null exception at 0x0000000004fb5d8c to 0x0000000004fb71b9
Event: 113.944 Thread 0x000000001927d800 Implicit null exception at 0x0000000004a2b7fd to 0x0000000004a2b82d

Events (10 events):
Event: 114.288 Thread 0x0000000019843000 DEOPT UNPACKING pc=0x0000000002da556a sp=0x000000001ab8b110 mode 2
Event: 114.288 Thread 0x0000000019843000 Uncommon trap: trap_request=0xffffffde fr.pc=0x0000000003f91c24
Event: 114.288 Thread 0x0000000019843000 DEOPT PACKING pc=0x0000000003f91c24 sp=0x000000001ab8b160
Event: 114.288 Thread 0x0000000019843000 DEOPT UNPACKING pc=0x0000000002da556a sp=0x000000001ab8b110 mode 2
Event: 114.288 Thread 0x0000000019843000 Uncommon trap: trap_request=0xffffffde fr.pc=0x0000000003f91c24
Event: 114.288 Thread 0x0000000019843000 DEOPT PACKING pc=0x0000000003f91c24 sp=0x000000001ab8b160
Event: 114.288 Thread 0x0000000019843000 DEOPT UNPACKING pc=0x0000000002da556a sp=0x000000001ab8b110 mode 2
Event: 114.299 Thread 0x0000000019843000 Uncommon trap: trap_request=0xffffffde fr.pc=0x000000000398f290
Event: 114.299 Thread 0x0000000019843000 DEOPT PACKING pc=0x000000000398f290 sp=0x000000001ab8b160
Event: 114.299 Thread 0x0000000019843000 DEOPT UNPACKING pc=0x0000000002da556a sp=0x000000001ab8b120 mode 2


Dynamic libraries:
0x00007ff72a160000 - 0x00007ff72a191000 	C:\Program Files\Android\Android Studio\jre\bin\java.exe
0x00007ffecd8a0000 - 0x00007ffecda71000 	C:\WINDOWS\SYSTEM32\ntdll.dll
0x00007ffecc290000 - 0x00007ffecc33b000 	C:\WINDOWS\System32\KERNEL32.DLL
0x00007ffec9e00000 - 0x00007ffeca01d000 	C:\WINDOWS\System32\KERNELBASE.dll
0x00007ffecbda0000 - 0x00007ffecbe42000 	C:\WINDOWS\System32\ADVAPI32.dll
0x00007ffecb7c0000 - 0x00007ffecb85e000 	C:\WINDOWS\System32\msvcrt.dll
0x00007ffecbe50000 - 0x00007ffecbea9000 	C:\WINDOWS\System32\sechost.dll
0x00007ffecbc70000 - 0x00007ffecbd91000 	C:\WINDOWS\System32\RPCRT4.dll
0x00007ffecc120000 - 0x00007ffecc285000 	C:\WINDOWS\System32\USER32.dll
0x00007ffecae10000 - 0x00007ffecae2e000 	C:\WINDOWS\System32\win32u.dll
0x00007ffecc340000 - 0x00007ffecc374000 	C:\WINDOWS\System32\GDI32.dll
0x00007ffecab80000 - 0x00007ffecad02000 	C:\WINDOWS\System32\gdi32full.dll
0x00007ffebc190000 - 0x00007ffebc409000 	C:\WINDOWS\WinSxS\amd64_microsoft.windows.common-controls_6595b64144ccf1df_6.0.14393.447_none_42191651c6827bb3\COMCTL32.dll
0x00007ffecb280000 - 0x00007ffecb548000 	C:\WINDOWS\System32\combase.dll
0x00007ffecad10000 - 0x00007ffecae05000 	C:\WINDOWS\System32\ucrtbase.dll
0x00007ffec9d90000 - 0x00007ffec9dfa000 	C:\WINDOWS\System32\bcryptPrimitives.dll
0x00007ffecc050000 - 0x00007ffecc07e000 	C:\WINDOWS\System32\IMM32.DLL
0x000000006c170000 - 0x000000006c242000 	C:\Program Files\Android\Android Studio\jre\jre\bin\msvcr100.dll
0x000000006c660000 - 0x000000006ce9c000 	C:\Program Files\Android\Android Studio\jre\jre\bin\server\jvm.dll
0x00007ffecb610000 - 0x00007ffecb618000 	C:\WINDOWS\System32\PSAPI.DLL
0x00007ffec6e80000 - 0x00007ffec6e89000 	C:\WINDOWS\SYSTEM32\WSOCK32.dll
0x00007ffec7ed0000 - 0x00007ffec7ef3000 	C:\WINDOWS\SYSTEM32\WINMM.dll
0x00007ffeb9eb0000 - 0x00007ffeb9eba000 	C:\WINDOWS\SYSTEM32\VERSION.dll
0x00007ffecbf20000 - 0x00007ffecbf8a000 	C:\WINDOWS\System32\WS2_32.dll
0x00007ffec7dc0000 - 0x00007ffec7deb000 	C:\WINDOWS\SYSTEM32\WINMMBASE.dll
0x00007ffeca8d0000 - 0x00007ffeca912000 	C:\WINDOWS\System32\cfgmgr32.dll
0x00007ffec82e0000 - 0x00007ffec82ef000 	C:\Program Files\Android\Android Studio\jre\jre\bin\verify.dll
0x00007ffec7580000 - 0x00007ffec75a9000 	C:\Program Files\Android\Android Studio\jre\jre\bin\java.dll
0x00007ffebc4b0000 - 0x00007ffebc4c6000 	C:\Program Files\Android\Android Studio\jre\jre\bin\zip.dll
0x00007ffecc390000 - 0x00007ffecd899000 	C:\WINDOWS\System32\SHELL32.dll
0x00007ffeca020000 - 0x00007ffeca6fa000 	C:\WINDOWS\System32\windows.storage.dll
0x00007ffec9d00000 - 0x00007ffec9d4c000 	C:\WINDOWS\System32\powrprof.dll
0x00007ffecb550000 - 0x00007ffecb5a2000 	C:\WINDOWS\System32\shlwapi.dll
0x00007ffec9d50000 - 0x00007ffec9d5f000 	C:\WINDOWS\System32\kernel.appcore.dll
0x00007ffecaad0000 - 0x00007ffecab79000 	C:\WINDOWS\System32\shcore.dll
0x00007ffec9d70000 - 0x00007ffec9d84000 	C:\WINDOWS\System32\profapi.dll
0x00007ffebbde0000 - 0x00007ffebbdfa000 	C:\Program Files\Android\Android Studio\jre\jre\bin\net.dll
0x00007ffec95d0000 - 0x00007ffec962c000 	C:\WINDOWS\system32\mswsock.dll
0x00007ffebbc00000 - 0x00007ffebbc11000 	C:\Program Files\Android\Android Studio\jre\jre\bin\nio.dll
0x00007ffeb5e60000 - 0x00007ffeb5e7e000 	C:\Users\Chris\.gradle\native\23\windows-amd64\native-platform.dll
0x00007ffec9770000 - 0x00007ffec9787000 	C:\WINDOWS\SYSTEM32\CRYPTSP.dll
0x00007ffec91e0000 - 0x00007ffec9213000 	C:\WINDOWS\system32\rsaenh.dll
0x00007ffec9c40000 - 0x00007ffec9c6b000 	C:\WINDOWS\SYSTEM32\bcrypt.dll
0x00007ffec9450000 - 0x00007ffec946f000 	C:\WINDOWS\SYSTEM32\USERENV.dll
0x00007ffec9790000 - 0x00007ffec979b000 	C:\WINDOWS\SYSTEM32\CRYPTBASE.dll
0x00007ffec9360000 - 0x00007ffec9398000 	C:\WINDOWS\SYSTEM32\IPHLPAPI.DLL
0x00007ffecba20000 - 0x00007ffecba28000 	C:\WINDOWS\System32\NSI.dll
0x00007ffec4090000 - 0x00007ffec40a6000 	C:\WINDOWS\SYSTEM32\dhcpcsvc6.DLL
0x00007ffec4200000 - 0x00007ffec421a000 	C:\WINDOWS\SYSTEM32\dhcpcsvc.DLL
0x00007ffec4370000 - 0x00007ffec437d000 	C:\Program Files\Android\Android Studio\jre\jre\bin\management.dll
0x00007ffeae850000 - 0x00007ffeae874000 	C:\Program Files\Android\Android Studio\jre\jre\bin\sunec.dll
0x00007ffea4130000 - 0x00007ffea4146000 	C:\WINDOWS\system32\napinsp.dll
0x00007ffea4110000 - 0x00007ffea412a000 	C:\WINDOWS\system32\pnrpnsp.dll
0x00007ffec7d60000 - 0x00007ffec7d78000 	C:\WINDOWS\system32\NLAapi.dll
0x00007ffec93a0000 - 0x00007ffec9440000 	C:\WINDOWS\SYSTEM32\DNSAPI.dll
0x00007ffea66f0000 - 0x00007ffea66fe000 	C:\WINDOWS\System32\winrnr.dll
0x00007ffec47b0000 - 0x00007ffec47c5000 	C:\WINDOWS\System32\wshbth.dll
0x00007ffeb76d0000 - 0x00007ffeb76da000 	C:\Windows\System32\rasadhlp.dll
0x00007ffec1ea0000 - 0x00007ffec1f0a000 	C:\WINDOWS\System32\fwpuclnt.dll
0x00007ffebb980000 - 0x00007ffebb98b000 	C:\Program Files\Android\Android Studio\jre\jre\bin\sunmscapi.dll
0x00007ffeca700000 - 0x00007ffeca8c9000 	C:\WINDOWS\System32\CRYPT32.dll
0x00007ffec9d60000 - 0x00007ffec9d70000 	C:\WINDOWS\System32\MSASN1.dll
0x00007ffea6e30000 - 0x00007ffea6fc3000 	C:\Program Files\Android\Android Studio\jre\jre\bin\awt.dll
0x00007ffecbf90000 - 0x00007ffecc04f000 	C:\WINDOWS\System32\OLEAUT32.dll
0x00007ffecaa30000 - 0x00007ffecaacc000 	C:\WINDOWS\System32\msvcp_win.dll
0x00007ffec8210000 - 0x00007ffec828a000 	C:\WINDOWS\SYSTEM32\apphelp.dll
0x00007ffec7670000 - 0x00007ffec7696000 	C:\WINDOWS\system32\DWMAPI.DLL
0x00007ffec8450000 - 0x00007ffec84e5000 	C:\WINDOWS\system32\uxtheme.dll

VM Arguments:
jvm_args: -Xmx1536m -Dfile.encoding=windows-1252 -Duser.country=US -Duser.language=en -Duser.variant 
java_command: org.gradle.launcher.daemon.bootstrap.GradleDaemon 3.3
java_class_path (initial): C:\Users\Chris\.gradle\wrapper\dists\gradle-3.3-all\55gk2rcmfc6p2dg9u9ohc3hw9\gradle-3.3\lib\gradle-launcher-3.3.jar
Launcher Type: SUN_STANDARD

Environment Variables:
JRE_HOME=C:\Program Files (x86)\Java\jre1.8.0_101
PATH=C:\ProgramData\Oracle\Java\javapath;C:\WINDOWS\system32;C:\WINDOWS;C:\WINDOWS\System32\Wbem;C:\WINDOWS\System32\WindowsPowerShell\v1.0\;C:\Program Files (x86)\Common Files\lenovo\easyplussdk\bin;C:\Program Files\Intel\WiFi\bin\;C:\Program Files\Common Files\Intel\WirelessCommon\;C:\Program Files (x86)\Skype\Phone\;C:\Program Files\Intel\WiFi\bin\;C:\Program Files\Common Files\Intel\WirelessCommon\;%USERPROFILE%\AppData\Local\Microsoft\WindowsApps;
USERNAME=Chris
OS=Windows_NT
PROCESSOR_IDENTIFIER=Intel64 Family 6 Model 78 Stepping 3, GenuineIntel



---------------  S Y S T E M  ---------------

OS: Windows 10.0 , 64 bit Build 14393 (10.0.14393.0)

CPU:total 4 (2 cores per cpu, 2 threads per core) family 6 model 78 stepping 3, cmov, cx8, fxsr, mmx, sse, sse2, sse3, ssse3, sse4.1, sse4.2, popcnt, avx, avx2, aes, clmul, erms, 3dnowpref, lzcnt, ht, tsc, tscinvbit, bmi1, bmi2, adx

Memory: 4k page, physical 8292256k(824980k free), swap 8292256k(3372k free)

vm_info: OpenJDK 64-Bit Server VM (25.112-b06) for windows-amd64 JRE (1.8.0_112-release-b06), built on Dec  8 2016 00:54:26 by "builder" with MS VC++ 10.0 (VS2010)

time: Thu Mar 23 08:05:04 2017
elapsed time: 115 seconds (0d 0h 1m 55s)

