2017-03-22 08:56:10,826 [Worker-10] INFO  o.e.m.c.i.p.ProjectConfigurationManager - Update started
2017-03-22 08:56:21,954 [Worker-10] INFO  o.e.m.c.i.e.AbstractTransferListenerAdapter - Downloaded https://repo.maven.apache.org/maven2/org/apache/maven/plugins/maven-clean-plugin/2.5/maven-clean-plugin-2.5.jar
2017-03-22 08:56:31,988 [Worker-10] INFO  o.e.m.c.i.e.AbstractTransferListenerAdapter - Downloaded https://repo.maven.apache.org/maven2/org/apache/maven/plugins/maven-resources-plugin/2.6/maven-resources-plugin-2.6.jar
2017-03-22 08:56:42,006 [Worker-10] INFO  o.e.m.c.i.e.AbstractTransferListenerAdapter - Downloaded https://repo.maven.apache.org/maven2/org/apache/maven/plugins/maven-compiler-plugin/3.1/maven-compiler-plugin-3.1.jar
2017-03-22 08:56:52,361 [Worker-10] INFO  o.e.m.c.i.e.AbstractTransferListenerAdapter - Downloaded https://repo.maven.apache.org/maven2/org/apache/maven/plugins/maven-surefire-plugin/2.12.4/maven-surefire-plugin-2.12.4.jar
2017-03-22 08:57:02,417 [Worker-10] INFO  o.e.m.c.i.e.AbstractTransferListenerAdapter - Downloaded https://repo.maven.apache.org/maven2/org/apache/maven/plugins/maven-jar-plugin/2.4/maven-jar-plugin-2.4.jar
2017-03-22 08:57:12,435 [Worker-10] INFO  o.e.m.c.i.e.AbstractTransferListenerAdapter - Downloaded https://repo.maven.apache.org/maven2/org/apache/maven/plugins/maven-install-plugin/2.4/maven-install-plugin-2.4.jar
2017-03-22 08:57:22,476 [Worker-10] INFO  o.e.m.c.i.e.AbstractTransferListenerAdapter - Downloaded https://repo.maven.apache.org/maven2/org/apache/maven/plugins/maven-deploy-plugin/2.7/maven-deploy-plugin-2.7.jar
2017-03-22 08:57:32,534 [Worker-10] INFO  o.e.m.c.i.e.AbstractTransferListenerAdapter - Downloaded https://repo.maven.apache.org/maven2/org/apache/maven/plugins/maven-site-plugin/3.3/maven-site-plugin-3.3.jar
2017-03-22 08:57:42,582 [Worker-10] INFO  o.e.m.c.i.e.AbstractTransferListenerAdapter - Downloaded https://repo.maven.apache.org/maven2/org/apache/maven/plugins/maven-compiler-plugin/3.1/maven-compiler-plugin-3.1.pom
2017-03-22 08:57:42,705 [Worker-10] INFO  o.e.m.c.i.l.LifecycleMappingFactory - Using org.eclipse.m2e.jdt.JarLifecycleMapping lifecycle mapping for MavenProject: fr.iutinfo.skeleton:common:1.0-SNAPSHOT @ C:\Users\minfi\Documents\krea-sport-project\jersey-skeleton-master\common\pom.xml.
2017-03-22 08:57:52,841 [Worker-10] INFO  o.e.m.c.i.e.AbstractTransferListenerAdapter - Downloaded https://repo.maven.apache.org/maven2/ch/qos/logback/logback-classic/1.1.7/logback-classic-1.1.7.pom
2017-03-22 08:58:02,947 [Worker-10] INFO  o.e.m.c.i.e.AbstractTransferListenerAdapter - Downloaded https://repo.maven.apache.org/maven2/org/apache/maven/plugins/maven-resources-plugin/2.6/maven-resources-plugin-2.6.pom
2017-03-22 08:58:03,703 [Worker-10] INFO  o.e.m.c.i.p.ProjectConfigurationManager - Update completed: 112 sec
2017-03-22 08:58:03,705 [Worker-10] INFO  o.e.m.c.i.p.ProjectConfigurationManager - Update started
2017-03-22 08:58:03,904 [Worker-10] INFO  o.e.m.c.i.l.LifecycleMappingFactory - Using org.eclipse.m2e.jdt.JarLifecycleMapping lifecycle mapping for MavenProject: fr.iutinfo.skeleton:client-library:1.0-SNAPSHOT @ C:\Users\minfi\Documents\krea-sport-project\jersey-skeleton-master\client-library\pom.xml.
2017-03-22 08:58:13,934 [Worker-10] INFO  o.e.m.c.i.e.AbstractTransferListenerAdapter - Downloaded https://repo.maven.apache.org/maven2/org/glassfish/jersey/media/jersey-media-json-jackson/2.25.1/jersey-media-json-jackson-2.25.1.pom
2017-03-22 08:58:24,002 [Worker-10] INFO  o.e.m.c.i.e.AbstractTransferListenerAdapter - Downloaded https://repo.maven.apache.org/maven2/org/glassfish/jersey/containers/jersey-container-servlet/2.25.1/jersey-container-servlet-2.25.1.pom
2017-03-22 08:58:34,052 [Worker-10] INFO  o.e.m.c.i.e.AbstractTransferListenerAdapter - Downloaded https://repo.maven.apache.org/maven2/org/glassfish/jersey/media/jersey-media-moxy/2.25.1/jersey-media-moxy-2.25.1.pom
2017-03-22 08:58:44,110 [Worker-10] INFO  o.e.m.c.i.e.AbstractTransferListenerAdapter - Downloaded https://repo.maven.apache.org/maven2/org/glassfish/jersey/ext/jersey-mvc-jsp/2.25.1/jersey-mvc-jsp-2.25.1.pom
2017-03-22 08:58:54,224 [Worker-10] INFO  o.e.m.c.i.e.AbstractTransferListenerAdapter - Downloaded https://repo.maven.apache.org/maven2/org/eclipse/jetty/orbit/javax.servlet/3.0.0.v201112011016/javax.servlet-3.0.0.v201112011016.pom
2017-03-22 08:59:04,243 [Worker-10] INFO  o.e.m.c.i.e.AbstractTransferListenerAdapter - Downloaded https://repo.maven.apache.org/maven2/org/jdbi/jdbi/2.56/jdbi-2.56.pom
2017-03-22 08:59:14,250 [Worker-10] INFO  o.e.m.c.i.e.AbstractTransferListenerAdapter - Downloaded https://repo.maven.apache.org/maven2/org/xerial/sqlite-jdbc/3.8.11.2/sqlite-jdbc-3.8.11.2.pom
2017-03-22 08:59:24,482 [Worker-10] INFO  o.e.m.c.i.e.AbstractTransferListenerAdapter - Downloaded https://repo.maven.apache.org/maven2/com/google/guava/guava/18.0/guava-18.0.pom
2017-03-22 08:59:34,495 [Worker-10] INFO  o.e.m.c.i.e.AbstractTransferListenerAdapter - Downloaded https://repo.maven.apache.org/maven2/junit/junit/4.12/junit-4.12.pom
2017-03-22 08:59:44,521 [Worker-10] INFO  o.e.m.c.i.e.AbstractTransferListenerAdapter - Downloaded https://repo.maven.apache.org/maven2/org/glassfish/jersey/test-framework/providers/jersey-test-framework-provider-simple/2.25.1/jersey-test-framework-provider-simple-2.25.1.pom
2017-03-22 08:59:44,711 [Worker-10] INFO  o.e.m.c.i.l.LifecycleMappingFactory - Using org.eclipse.m2e.jdt.JarLifecycleMapping lifecycle mapping for MavenProject: fr.iutinfo.skeleton:server:1.0-SNAPSHOT @ C:\Users\minfi\Documents\krea-sport-project\jersey-skeleton-master\server\pom.xml.
2017-03-22 08:59:54,995 [Worker-10] INFO  o.e.m.c.i.e.AbstractTransferListenerAdapter - Downloaded https://repo.maven.apache.org/maven2/junit/junit/4.12/junit-4.12.jar
2017-03-22 09:00:04,998 [Worker-10] INFO  o.e.m.c.i.e.AbstractTransferListenerAdapter - Downloaded https://repo.maven.apache.org/maven2/org/glassfish/jersey/containers/jersey-container-servlet/2.25.1/jersey-container-servlet-2.25.1.jar
2017-03-22 09:00:15,001 [Worker-10] INFO  o.e.m.c.i.e.AbstractTransferListenerAdapter - Downloaded https://repo.maven.apache.org/maven2/org/glassfish/jersey/media/jersey-media-moxy/2.25.1/jersey-media-moxy-2.25.1.jar
2017-03-22 09:00:25,060 [Worker-10] INFO  o.e.m.c.i.e.AbstractTransferListenerAdapter - Downloaded https://repo.maven.apache.org/maven2/org/glassfish/jersey/ext/jersey-mvc-jsp/2.25.1/jersey-mvc-jsp-2.25.1.jar
2017-03-22 09:00:35,065 [Worker-10] INFO  o.e.m.c.i.e.AbstractTransferListenerAdapter - Downloaded https://repo.maven.apache.org/maven2/org/glassfish/jersey/test-framework/providers/jersey-test-framework-provider-simple/2.25.1/jersey-test-framework-provider-simple-2.25.1.jar
2017-03-22 09:00:45,069 [Worker-10] INFO  o.e.m.c.i.e.AbstractTransferListenerAdapter - Downloaded https://repo.maven.apache.org/maven2/org/eclipse/jetty/orbit/javax.servlet/3.0.0.v201112011016/javax.servlet-3.0.0.v201112011016.jar
2017-03-22 09:00:55,210 [Worker-10] INFO  o.e.m.c.i.e.AbstractTransferListenerAdapter - Downloaded https://repo.maven.apache.org/maven2/org/jdbi/jdbi/2.56/jdbi-2.56.jar
2017-03-22 09:01:04,959 [Worker-11] WARN  o.e.m.c.i.embedder.EclipseLogger - The POM for fr.iutinfo.skeleton:server:jar:1.0-SNAPSHOT is missing, no dependency information available
2017-03-22 09:01:04,980 [Worker-11] WARN  o.e.m.c.i.embedder.EclipseLogger - The POM for fr.iutinfo.skeleton:server:jar:1.0-SNAPSHOT is missing, no dependency information available
2017-03-22 09:01:05,214 [Worker-10] INFO  o.e.m.c.i.e.AbstractTransferListenerAdapter - Downloaded https://repo.maven.apache.org/maven2/org/xerial/sqlite-jdbc/3.8.11.2/sqlite-jdbc-3.8.11.2.jar
2017-03-22 09:01:15,216 [Worker-10] INFO  o.e.m.c.i.e.AbstractTransferListenerAdapter - Downloaded https://repo.maven.apache.org/maven2/com/google/guava/guava/18.0/guava-18.0.jar
2017-03-22 09:01:25,287 [Worker-10] INFO  o.e.m.c.i.e.AbstractTransferListenerAdapter - Downloaded https://repo.maven.apache.org/maven2/ch/qos/logback/logback-classic/1.1.7/logback-classic-1.1.7.jar
2017-03-22 09:01:25,565 [Worker-10] INFO  o.e.m.c.i.l.LifecycleMappingFactory - Using org.eclipse.m2e.jdt.JarLifecycleMapping lifecycle mapping for MavenProject: fr.iutinfo.skeleton:common:1.0-SNAPSHOT @ C:\Users\minfi\Documents\krea-sport-project\jersey-skeleton-master\common\pom.xml.
2017-03-22 09:01:35,643 [Worker-10] INFO  o.e.m.c.i.e.AbstractTransferListenerAdapter - Downloaded https://repo.maven.apache.org/maven2/org/apache/maven/plugins/maven-shade-plugin/3.0.0/maven-shade-plugin-3.0.0.jar
2017-03-22 09:01:35,692 [Worker-10] INFO  o.e.m.c.i.l.LifecycleMappingFactory - Using org.eclipse.m2e.jdt.JarLifecycleMapping lifecycle mapping for MavenProject: fr.iutinfo.skeleton:cli:1.0-SNAPSHOT @ C:\Users\minfi\Documents\krea-sport-project\jersey-skeleton-master\command-line-interface\pom.xml.
2017-03-22 09:01:45,773 [Worker-10] INFO  o.e.m.c.i.e.AbstractTransferListenerAdapter - Downloaded https://repo.maven.apache.org/maven2/org/apache/maven/plugins/maven-war-plugin/3.0.0/maven-war-plugin-3.0.0.jar
2017-03-22 09:01:55,919 [Worker-10] INFO  o.e.m.c.i.e.AbstractTransferListenerAdapter - Downloaded https://repo.maven.apache.org/maven2/org/apache/maven/plugins/maven-dependency-plugin/3.0.0/maven-dependency-plugin-3.0.0.jar
2017-03-22 09:01:55,975 [Worker-10] INFO  o.e.m.c.i.l.LifecycleMappingFactory - Using org.maven.ide.eclipse.wtp.WarLifecycleMapping lifecycle mapping for MavenProject: fr.iutinfo.skeleton:war:1.0-SNAPSHOT @ C:\Users\minfi\Documents\krea-sport-project\jersey-skeleton-master\war\pom.xml.
2017-03-22 09:02:05,999 [Worker-10] INFO  o.e.m.c.i.e.AbstractTransferListenerAdapter - Downloaded https://repo.maven.apache.org/maven2/org/glassfish/jersey/media/jersey-media-json-jackson/2.25.1/jersey-media-json-jackson-2.25.1.jar
2017-03-22 09:02:07,419 [Worker-10] INFO  o.e.m.c.i.p.ProjectConfigurationManager - Update completed: 243 sec
2017-03-22 09:02:12,265 [Worker-18] INFO  o.e.m.i.discovery.MavenDiscovery - No lifecyle mapping found at jar:file:/C:/Users/minfi/AppData/Local/Temp/RemoteBundleDiscoveryStrategy1906314648737961211.tmp/org.eclipse.m2e.discovery.oss_catalog_1.6.jar_4895646483539285753.jar!/lifecycle%2Forg.eclipse.m2e.discovery.lifecyclemapping.m2e-egit.xml
2017-03-22 09:02:12,266 [Worker-18] WARN  o.e.m.i.discovery.MavenDiscovery - CatalogItem org.eclipse.m2e.discovery.lifecyclemapping.m2e-egit does not contain lifecycle mapping metadata
2017-03-22 09:02:12,267 [Worker-18] INFO  o.e.m.i.discovery.MavenDiscovery - No lifecyle mapping found at jar:file:/C:/Users/minfi/AppData/Local/Temp/RemoteBundleDiscoveryStrategy1906314648737961211.tmp/org.eclipse.m2e.discovery.oss_catalog_1.6.jar_4895646483539285753.jar!/lifecycle%2Forg.eclipse.m2e.discovery.lifecyclemapping.m2e-subversive.xml
2017-03-22 09:02:12,268 [Worker-18] WARN  o.e.m.i.discovery.MavenDiscovery - CatalogItem org.eclipse.m2e.discovery.lifecyclemapping.m2e-subversive does not contain lifecycle mapping metadata
